<?xml version="1.0" encoding="UTF-8"?>
<!-- Generated by org.testng.reporters.JUnitReportReporter -->
<testsuite hostname="QAP7-PC" name="testcases.tc2" tests="1" failures="0" timestamp="15 May 2019 12:29:38 GMT" time="3.945" errors="0">
  <testcase name="tc_002" time="3.945" classname="testcases.tc2"/>
</testsuite> <!-- testcases.tc2 -->
