<?xml version="1.0" encoding="UTF-8"?>
<!-- Generated by org.testng.reporters.JUnitReportReporter -->
<testsuite hostname="QAP7-PC" name="testcases.tc_1" tests="1" failures="0" timestamp="13 May 2019 07:05:00 GMT" time="1.550" errors="0">
  <testcase name="tc_001" time="1.550" classname="testcases.tc_1"/>
</testsuite> <!-- testcases.tc_1 -->
