<?xml version="1.0" encoding="UTF-8"?>
<!-- Generated by org.testng.reporters.JUnitReportReporter -->
<testsuite hostname="QAP7-PC" name="testcases.tc_1" tests="1" failures="0" timestamp="15 May 2019 12:51:43 GMT" time="1.299" errors="0">
  <testcase name="tc_001" time="1.299" classname="testcases.tc_1"/>
</testsuite> <!-- testcases.tc_1 -->
